<?xml version="1.0" encoding="UTF-8"?>
<!-- Generated by org.testng.reporters.JUnitXMLReporter -->
<testsuite ignored="4" hostname="DESKTOP-JJUAQ9I" failures="0" tests="3" name="Test" time="427.474" errors="0" timestamp="2024-02-01T13:49:38 IST">
  <testcase classname="commonMethods.Testcases" name="journeyFlow" time="101.699"/>
  <testcase classname="commonMethods.Testcases" name="ContactValidation" time="137.962"/>
  <testcase classname="commonMethods.Testcases" name="TriggerFunction" time="187.436"/>
  <testcase classname="commonMethods.Testcases" name="BulkCampaign" time="0.0">
    <ignored/>
  </testcase> <!-- BulkCampaign -->
  <testcase classname="commonMethods.Testcases" name="Login" time="0.0">
    <ignored/>
  </testcase> <!-- Login -->
  <testcase classname="commonMethods.Testcases" name="ContactsPage" time="0.0">
    <ignored/>
  </testcase> <!-- ContactsPage -->
  <testcase classname="commonMethods.Testcases" name="MailValidation" time="0.0">
    <ignored/>
  </testcase> <!-- MailValidation -->
</testsuite> <!-- Test -->
