<?xml version="1.0" encoding="UTF-8"?>
<testng-results ignored="4" total="7" passed="3" failed="0" skipped="0">
  <reporter-output>
    <line>
      <![CDATA[STEP1]]>
    </line>
    <line>
      <![CDATA[STEP2]]>
    </line>
    <line>
      <![CDATA[STEP3]]>
    </line>
    <line>
      <![CDATA[STEP4]]>
    </line>
    <line>
      <![CDATA[STEP5]]>
    </line>
    <line>
      <![CDATA[STEP6]]>
    </line>
    <line>
      <![CDATA[STEP7]]>
    </line>
    <line>
      <![CDATA[STEP8]]>
    </line>
    <line>
      <![CDATA[STEP9]]>
    </line>
    <line>
      <![CDATA[STEP10]]>
    </line>
    <line>
      <![CDATA[STEP11]]>
    </line>
    <line>
      <![CDATA[STEP12]]>
    </line>
    <line>
      <![CDATA[STEP13]]>
    </line>
    <line>
      <![CDATA[STEP14]]>
    </line>
    <line>
      <![CDATA[STEP15]]>
    </line>
    <line>
      <![CDATA[STEP16]]>
    </line>
    <line>
      <![CDATA[STEP17]]>
    </line>
    <line>
      <![CDATA[STEP18]]>
    </line>
    <line>
      <![CDATA[STEP19]]>
    </line>
    <line>
      <![CDATA[STEP20]]>
    </line>
    <line>
      <![CDATA[STEP21]]>
    </line>
    <line>
      <![CDATA[STEP22]]>
    </line>
    <line>
      <![CDATA[STEP23]]>
    </line>
    <line>
      <![CDATA[STEP24]]>
    </line>
    <line>
      <![CDATA[STEP25]]>
    </line>
    <line>
      <![CDATA[STEP26]]>
    </line>
    <line>
      <![CDATA[STEP27]]>
    </line>
    <line>
      <![CDATA[STEP28]]>
    </line>
    <line>
      <![CDATA[STEP29]]>
    </line>
    <line>
      <![CDATA[STEP30]]>
    </line>
    <line>
      <![CDATA[STEP31]]>
    </line>
    <line>
      <![CDATA[STEP32]]>
    </line>
    <line>
      <![CDATA[STEP33]]>
    </line>
    <line>
      <![CDATA[STEP34]]>
    </line>
    <line>
      <![CDATA[STEP35]]>
    </line>
    <line>
      <![CDATA[STEP36]]>
    </line>
    <line>
      <![CDATA[STEP37]]>
    </line>
    <line>
      <![CDATA[STEP38]]>
    </line>
    <line>
      <![CDATA[STEP39]]>
    </line>
    <line>
      <![CDATA[STEP40]]>
    </line>
    <line>
      <![CDATA[STEP41]]>
    </line>
    <line>
      <![CDATA[STEP42]]>
    </line>
    <line>
      <![CDATA[STEP43]]>
    </line>
    <line>
      <![CDATA[STEP44]]>
    </line>
    <line>
      <![CDATA[STEP45]]>
    </line>
    <line>
      <![CDATA[STEP46]]>
    </line>
    <line>
      <![CDATA[STEP47]]>
    </line>
    <line>
      <![CDATA[STEP48]]>
    </line>
    <line>
      <![CDATA[STEP49]]>
    </line>
    <line>
      <![CDATA[STEP50]]>
    </line>
    <line>
      <![CDATA[STEP51]]>
    </line>
    <line>
      <![CDATA[STEP52]]>
    </line>
    <line>
      <![CDATA[STEP53]]>
    </line>
    <line>
      <![CDATA[STEP54]]>
    </line>
    <line>
      <![CDATA[STEP55]]>
    </line>
    <line>
      <![CDATA[STEP56]]>
    </line>
    <line>
      <![CDATA[STEP57]]>
    </line>
    <line>
      <![CDATA[STEP58]]>
    </line>
    <line>
      <![CDATA[STEP59]]>
    </line>
    <line>
      <![CDATA[STEP60]]>
    </line>
    <line>
      <![CDATA[STEP61]]>
    </line>
    <line>
      <![CDATA[STEP62]]>
    </line>
    <line>
      <![CDATA[STEP63]]>
    </line>
    <line>
      <![CDATA[STEP64]]>
    </line>
    <line>
      <![CDATA[STEP65]]>
    </line>
    <line>
      <![CDATA[STEP66]]>
    </line>
    <line>
      <![CDATA[STEP67]]>
    </line>
    <line>
      <![CDATA[STEP68]]>
    </line>
    <line>
      <![CDATA[STEP69]]>
    </line>
    <line>
      <![CDATA[STEP70]]>
    </line>
    <line>
      <![CDATA[STEP71]]>
    </line>
    <line>
      <![CDATA[STEP72]]>
    </line>
    <line>
      <![CDATA[STEP73]]>
    </line>
    <line>
      <![CDATA[STEP74]]>
    </line>
    <line>
      <![CDATA[STEP75]]>
    </line>
    <line>
      <![CDATA[STEP76]]>
    </line>
    <line>
      <![CDATA[STEP77]]>
    </line>
    <line>
      <![CDATA[STEP78]]>
    </line>
    <line>
      <![CDATA[STEP79]]>
    </line>
    <line>
      <![CDATA[STEP80]]>
    </line>
    <line>
      <![CDATA[STEP81]]>
    </line>
    <line>
      <![CDATA[STEP82]]>
    </line>
    <line>
      <![CDATA[STEP83]]>
    </line>
    <line>
      <![CDATA[STEP84]]>
    </line>
    <line>
      <![CDATA[STEP85]]>
    </line>
    <line>
      <![CDATA[STEP86]]>
    </line>
    <line>
      <![CDATA[STEP87]]>
    </line>
    <line>
      <![CDATA[STEP88]]>
    </line>
    <line>
      <![CDATA[STEP89]]>
    </line>
    <line>
      <![CDATA[STEP90]]>
    </line>
    <line>
      <![CDATA[STEP91]]>
    </line>
    <line>
      <![CDATA[STEP92]]>
    </line>
    <line>
      <![CDATA[STEP93]]>
    </line>
    <line>
      <![CDATA[STEP94]]>
    </line>
    <line>
      <![CDATA[STEP95]]>
    </line>
    <line>
      <![CDATA[STEP96]]>
    </line>
    <line>
      <![CDATA[STEP97]]>
    </line>
    <line>
      <![CDATA[STEP98]]>
    </line>
    <line>
      <![CDATA[STEP99]]>
    </line>
    <line>
      <![CDATA[STEP100]]>
    </line>
    <line>
      <![CDATA[STEP101]]>
    </line>
    <line>
      <![CDATA[STEP102]]>
    </line>
    <line>
      <![CDATA[STEP103]]>
    </line>
    <line>
      <![CDATA[STEP104]]>
    </line>
    <line>
      <![CDATA[STEP105]]>
    </line>
    <line>
      <![CDATA[STEP106]]>
    </line>
    <line>
      <![CDATA[STEP107]]>
    </line>
    <line>
      <![CDATA[STEP108]]>
    </line>
    <line>
      <![CDATA[STEP109]]>
    </line>
    <line>
      <![CDATA[STEP110]]>
    </line>
    <line>
      <![CDATA[STEP111]]>
    </line>
    <line>
      <![CDATA[STEP112]]>
    </line>
    <line>
      <![CDATA[STEP113]]>
    </line>
    <line>
      <![CDATA[STEP114]]>
    </line>
    <line>
      <![CDATA[STEP115]]>
    </line>
    <line>
      <![CDATA[STEP116]]>
    </line>
    <line>
      <![CDATA[STEP117]]>
    </line>
    <line>
      <![CDATA[STEP118]]>
    </line>
    <line>
      <![CDATA[STEP119]]>
    </line>
    <line>
      <![CDATA[STEP120]]>
    </line>
    <line>
      <![CDATA[STEP121]]>
    </line>
    <line>
      <![CDATA[STEP122]]>
    </line>
    <line>
      <![CDATA[STEP123]]>
    </line>
    <line>
      <![CDATA[STEP124]]>
    </line>
    <line>
      <![CDATA[STEP125]]>
    </line>
    <line>
      <![CDATA[STEP126]]>
    </line>
    <line>
      <![CDATA[STEP127]]>
    </line>
    <line>
      <![CDATA[STEP128]]>
    </line>
    <line>
      <![CDATA[STEP129]]>
    </line>
    <line>
      <![CDATA[STEP130]]>
    </line>
    <line>
      <![CDATA[STEP131]]>
    </line>
    <line>
      <![CDATA[STEP132]]>
    </line>
    <line>
      <![CDATA[STEP133]]>
    </line>
    <line>
      <![CDATA[STEP134]]>
    </line>
    <line>
      <![CDATA[STEP135]]>
    </line>
    <line>
      <![CDATA[STEP136]]>
    </line>
    <line>
      <![CDATA[STEP137]]>
    </line>
    <line>
      <![CDATA[STEP138]]>
    </line>
    <line>
      <![CDATA[STEP139]]>
    </line>
    <line>
      <![CDATA[STEP140]]>
    </line>
    <line>
      <![CDATA[STEP141]]>
    </line>
    <line>
      <![CDATA[STEP142]]>
    </line>
    <line>
      <![CDATA[STEP143]]>
    </line>
    <line>
      <![CDATA[STEP144]]>
    </line>
    <line>
      <![CDATA[STEP145]]>
    </line>
    <line>
      <![CDATA[STEP146]]>
    </line>
    <line>
      <![CDATA[STEP147]]>
    </line>
    <line>
      <![CDATA[STEP148]]>
    </line>
    <line>
      <![CDATA[STEP149]]>
    </line>
    <line>
      <![CDATA[STEP150]]>
    </line>
    <line>
      <![CDATA[STEP151]]>
    </line>
    <line>
      <![CDATA[STEP152]]>
    </line>
    <line>
      <![CDATA[STEP153]]>
    </line>
    <line>
      <![CDATA[STEP154]]>
    </line>
    <line>
      <![CDATA[STEP155]]>
    </line>
    <line>
      <![CDATA[STEP156]]>
    </line>
    <line>
      <![CDATA[STEP157]]>
    </line>
    <line>
      <![CDATA[STEP158]]>
    </line>
    <line>
      <![CDATA[STEP159]]>
    </line>
    <line>
      <![CDATA[STEP160]]>
    </line>
    <line>
      <![CDATA[STEP161]]>
    </line>
    <line>
      <![CDATA[STEP162]]>
    </line>
    <line>
      <![CDATA[STEP163]]>
    </line>
    <line>
      <![CDATA[STEP164]]>
    </line>
    <line>
      <![CDATA[STEP165]]>
    </line>
    <line>
      <![CDATA[STEP166]]>
    </line>
    <line>
      <![CDATA[STEP167]]>
    </line>
    <line>
      <![CDATA[STEP168]]>
    </line>
    <line>
      <![CDATA[STEP169]]>
    </line>
    <line>
      <![CDATA[STEP170]]>
    </line>
    <line>
      <![CDATA[STEP171]]>
    </line>
    <line>
      <![CDATA[STEP172]]>
    </line>
    <line>
      <![CDATA[STEP173]]>
    </line>
    <line>
      <![CDATA[STEP174]]>
    </line>
    <line>
      <![CDATA[STEP175]]>
    </line>
    <line>
      <![CDATA[STEP176]]>
    </line>
    <line>
      <![CDATA[STEP177]]>
    </line>
    <line>
      <![CDATA[STEP178]]>
    </line>
    <line>
      <![CDATA[STEP179]]>
    </line>
    <line>
      <![CDATA[STEP180]]>
    </line>
    <line>
      <![CDATA[STEP181]]>
    </line>
    <line>
      <![CDATA[STEP182]]>
    </line>
    <line>
      <![CDATA[STEP183]]>
    </line>
    <line>
      <![CDATA[STEP184]]>
    </line>
    <line>
      <![CDATA[STEP185]]>
    </line>
    <line>
      <![CDATA[STEP186]]>
    </line>
    <line>
      <![CDATA[STEP187]]>
    </line>
    <line>
      <![CDATA[STEP188]]>
    </line>
    <line>
      <![CDATA[STEP189]]>
    </line>
    <line>
      <![CDATA[STEP190]]>
    </line>
    <line>
      <![CDATA[STEP191]]>
    </line>
    <line>
      <![CDATA[STEP192]]>
    </line>
    <line>
      <![CDATA[STEP193]]>
    </line>
    <line>
      <![CDATA[STEP194]]>
    </line>
    <line>
      <![CDATA[STEP195]]>
    </line>
    <line>
      <![CDATA[STEP196]]>
    </line>
    <line>
      <![CDATA[STEP197]]>
    </line>
    <line>
      <![CDATA[STEP198]]>
    </line>
    <line>
      <![CDATA[STEP199]]>
    </line>
    <line>
      <![CDATA[STEP200]]>
    </line>
    <line>
      <![CDATA[STEP201]]>
    </line>
    <line>
      <![CDATA[STEP202]]>
    </line>
    <line>
      <![CDATA[STEP203]]>
    </line>
    <line>
      <![CDATA[STEP204]]>
    </line>
    <line>
      <![CDATA[STEP205]]>
    </line>
    <line>
      <![CDATA[STEP206]]>
    </line>
    <line>
      <![CDATA[STEP207]]>
    </line>
    <line>
      <![CDATA[STEP208]]>
    </line>
    <line>
      <![CDATA[STEP209]]>
    </line>
    <line>
      <![CDATA[STEP210]]>
    </line>
    <line>
      <![CDATA[STEP211]]>
    </line>
    <line>
      <![CDATA[STEP212]]>
    </line>
    <line>
      <![CDATA[STEP213]]>
    </line>
    <line>
      <![CDATA[STEP214]]>
    </line>
    <line>
      <![CDATA[STEP215]]>
    </line>
    <line>
      <![CDATA[STEP216]]>
    </line>
    <line>
      <![CDATA[STEP217]]>
    </line>
    <line>
      <![CDATA[STEP218]]>
    </line>
    <line>
      <![CDATA[STEP219]]>
    </line>
    <line>
      <![CDATA[STEP220]]>
    </line>
    <line>
      <![CDATA[STEP221]]>
    </line>
    <line>
      <![CDATA[STEP222]]>
    </line>
    <line>
      <![CDATA[STEP223]]>
    </line>
    <line>
      <![CDATA[STEP224]]>
    </line>
    <line>
      <![CDATA[STEP225]]>
    </line>
    <line>
      <![CDATA[STEP226]]>
    </line>
    <line>
      <![CDATA[STEP227]]>
    </line>
    <line>
      <![CDATA[STEP228]]>
    </line>
    <line>
      <![CDATA[STEP229]]>
    </line>
    <line>
      <![CDATA[STEP230]]>
    </line>
    <line>
      <![CDATA[STEP231]]>
    </line>
    <line>
      <![CDATA[STEP232]]>
    </line>
    <line>
      <![CDATA[STEP233]]>
    </line>
    <line>
      <![CDATA[STEP234]]>
    </line>
    <line>
      <![CDATA[STEP235]]>
    </line>
    <line>
      <![CDATA[STEP236]]>
    </line>
    <line>
      <![CDATA[STEP237]]>
    </line>
    <line>
      <![CDATA[STEP238]]>
    </line>
    <line>
      <![CDATA[STEP239]]>
    </line>
    <line>
      <![CDATA[STEP240]]>
    </line>
    <line>
      <![CDATA[STEP241]]>
    </line>
    <line>
      <![CDATA[STEP242]]>
    </line>
    <line>
      <![CDATA[STEP243]]>
    </line>
    <line>
      <![CDATA[STEP244]]>
    </line>
    <line>
      <![CDATA[STEP245]]>
    </line>
    <line>
      <![CDATA[STEP246]]>
    </line>
    <line>
      <![CDATA[STEP247]]>
    </line>
    <line>
      <![CDATA[STEP248]]>
    </line>
    <line>
      <![CDATA[STEP249]]>
    </line>
    <line>
      <![CDATA[STEP250]]>
    </line>
    <line>
      <![CDATA[STEP251]]>
    </line>
    <line>
      <![CDATA[STEP252]]>
    </line>
    <line>
      <![CDATA[STEP253]]>
    </line>
    <line>
      <![CDATA[STEP254]]>
    </line>
    <line>
      <![CDATA[STEP255]]>
    </line>
    <line>
      <![CDATA[STEP256]]>
    </line>
    <line>
      <![CDATA[STEP257]]>
    </line>
    <line>
      <![CDATA[STEP258]]>
    </line>
    <line>
      <![CDATA[STEP259]]>
    </line>
    <line>
      <![CDATA[STEP260]]>
    </line>
    <line>
      <![CDATA[STEP261]]>
    </line>
    <line>
      <![CDATA[STEP262]]>
    </line>
    <line>
      <![CDATA[STEP263]]>
    </line>
    <line>
      <![CDATA[STEP264]]>
    </line>
    <line>
      <![CDATA[STEP265]]>
    </line>
    <line>
      <![CDATA[STEP266]]>
    </line>
    <line>
      <![CDATA[STEP267]]>
    </line>
    <line>
      <![CDATA[STEP268]]>
    </line>
    <line>
      <![CDATA[STEP269]]>
    </line>
    <line>
      <![CDATA[STEP270]]>
    </line>
    <line>
      <![CDATA[STEP271]]>
    </line>
    <line>
      <![CDATA[STEP272]]>
    </line>
    <line>
      <![CDATA[STEP273]]>
    </line>
    <line>
      <![CDATA[STEP274]]>
    </line>
    <line>
      <![CDATA[STEP275]]>
    </line>
    <line>
      <![CDATA[STEP276]]>
    </line>
    <line>
      <![CDATA[STEP277]]>
    </line>
    <line>
      <![CDATA[STEP278]]>
    </line>
    <line>
      <![CDATA[STEP279]]>
    </line>
    <line>
      <![CDATA[STEP280]]>
    </line>
    <line>
      <![CDATA[STEP281]]>
    </line>
    <line>
      <![CDATA[STEP282]]>
    </line>
    <line>
      <![CDATA[STEP283]]>
    </line>
    <line>
      <![CDATA[STEP284]]>
    </line>
    <line>
      <![CDATA[STEP285]]>
    </line>
    <line>
      <![CDATA[STEP286]]>
    </line>
    <line>
      <![CDATA[STEP287]]>
    </line>
    <line>
      <![CDATA[STEP288]]>
    </line>
    <line>
      <![CDATA[STEP289]]>
    </line>
  </reporter-output>
  <suite started-at="2024-02-01T13:42:31 IST" name="Suite" finished-at="2024-02-01T13:49:38 IST" duration-ms="427474">
    <groups>
    </groups>
    <test started-at="2024-02-01T13:42:31 IST" name="Test" finished-at="2024-02-01T13:49:38 IST" duration-ms="427474">
      <class name="commonMethods.Testcases">
        <test-method is-config="true" signature="getDataFromConfig()[pri:0, instance:commonMethods.Testcases@398474a2]" started-at="2024-02-01T13:42:31 IST" name="getDataFromConfig" finished-at="2024-02-01T13:42:31 IST" duration-ms="146" status="PASS">
          <reporter-output>
          </reporter-output>
        </test-method> <!-- getDataFromConfig -->
        <test-method signature="journeyFlow()[pri:0, instance:commonMethods.Testcases@398474a2]" started-at="2024-02-01T13:42:31 IST" name="journeyFlow" finished-at="2024-02-01T13:44:13 IST" duration-ms="101699" status="PASS">
          <reporter-output>
            <line>
              <![CDATA[STEP1]]>
            </line>
            <line>
              <![CDATA[STEP2]]>
            </line>
            <line>
              <![CDATA[STEP3]]>
            </line>
            <line>
              <![CDATA[STEP4]]>
            </line>
            <line>
              <![CDATA[STEP5]]>
            </line>
            <line>
              <![CDATA[STEP6]]>
            </line>
            <line>
              <![CDATA[STEP7]]>
            </line>
            <line>
              <![CDATA[STEP8]]>
            </line>
            <line>
              <![CDATA[STEP9]]>
            </line>
            <line>
              <![CDATA[STEP10]]>
            </line>
            <line>
              <![CDATA[STEP11]]>
            </line>
            <line>
              <![CDATA[STEP12]]>
            </line>
            <line>
              <![CDATA[STEP13]]>
            </line>
            <line>
              <![CDATA[STEP14]]>
            </line>
            <line>
              <![CDATA[STEP15]]>
            </line>
            <line>
              <![CDATA[STEP16]]>
            </line>
            <line>
              <![CDATA[STEP17]]>
            </line>
            <line>
              <![CDATA[STEP18]]>
            </line>
            <line>
              <![CDATA[STEP19]]>
            </line>
            <line>
              <![CDATA[STEP20]]>
            </line>
            <line>
              <![CDATA[STEP21]]>
            </line>
            <line>
              <![CDATA[STEP22]]>
            </line>
            <line>
              <![CDATA[STEP23]]>
            </line>
            <line>
              <![CDATA[STEP24]]>
            </line>
            <line>
              <![CDATA[STEP25]]>
            </line>
            <line>
              <![CDATA[STEP26]]>
            </line>
            <line>
              <![CDATA[STEP27]]>
            </line>
            <line>
              <![CDATA[STEP28]]>
            </line>
            <line>
              <![CDATA[STEP29]]>
            </line>
            <line>
              <![CDATA[STEP30]]>
            </line>
            <line>
              <![CDATA[STEP31]]>
            </line>
            <line>
              <![CDATA[STEP32]]>
            </line>
            <line>
              <![CDATA[STEP33]]>
            </line>
            <line>
              <![CDATA[STEP34]]>
            </line>
            <line>
              <![CDATA[STEP35]]>
            </line>
            <line>
              <![CDATA[STEP36]]>
            </line>
            <line>
              <![CDATA[STEP37]]>
            </line>
            <line>
              <![CDATA[STEP38]]>
            </line>
            <line>
              <![CDATA[STEP39]]>
            </line>
            <line>
              <![CDATA[STEP40]]>
            </line>
            <line>
              <![CDATA[STEP41]]>
            </line>
            <line>
              <![CDATA[STEP42]]>
            </line>
            <line>
              <![CDATA[STEP43]]>
            </line>
            <line>
              <![CDATA[STEP44]]>
            </line>
            <line>
              <![CDATA[STEP45]]>
            </line>
            <line>
              <![CDATA[STEP46]]>
            </line>
            <line>
              <![CDATA[STEP47]]>
            </line>
            <line>
              <![CDATA[STEP48]]>
            </line>
            <line>
              <![CDATA[STEP49]]>
            </line>
            <line>
              <![CDATA[STEP50]]>
            </line>
            <line>
              <![CDATA[STEP51]]>
            </line>
            <line>
              <![CDATA[STEP52]]>
            </line>
            <line>
              <![CDATA[STEP53]]>
            </line>
            <line>
              <![CDATA[STEP54]]>
            </line>
            <line>
              <![CDATA[STEP55]]>
            </line>
            <line>
              <![CDATA[STEP56]]>
            </line>
            <line>
              <![CDATA[STEP57]]>
            </line>
            <line>
              <![CDATA[STEP58]]>
            </line>
            <line>
              <![CDATA[STEP59]]>
            </line>
            <line>
              <![CDATA[STEP60]]>
            </line>
            <line>
              <![CDATA[STEP61]]>
            </line>
            <line>
              <![CDATA[STEP62]]>
            </line>
            <line>
              <![CDATA[STEP63]]>
            </line>
          </reporter-output>
        </test-method> <!-- journeyFlow -->
        <test-method signature="ContactValidation()[pri:0, instance:commonMethods.Testcases@398474a2]" started-at="2024-02-01T13:44:13 IST" name="ContactValidation" finished-at="2024-02-01T13:46:31 IST" duration-ms="137962" status="PASS">
          <reporter-output>
            <line>
              <![CDATA[STEP64]]>
            </line>
            <line>
              <![CDATA[STEP65]]>
            </line>
            <line>
              <![CDATA[STEP66]]>
            </line>
            <line>
              <![CDATA[STEP67]]>
            </line>
            <line>
              <![CDATA[STEP68]]>
            </line>
            <line>
              <![CDATA[STEP69]]>
            </line>
            <line>
              <![CDATA[STEP70]]>
            </line>
            <line>
              <![CDATA[STEP71]]>
            </line>
            <line>
              <![CDATA[STEP72]]>
            </line>
            <line>
              <![CDATA[STEP73]]>
            </line>
            <line>
              <![CDATA[STEP74]]>
            </line>
            <line>
              <![CDATA[STEP75]]>
            </line>
            <line>
              <![CDATA[STEP76]]>
            </line>
            <line>
              <![CDATA[STEP77]]>
            </line>
            <line>
              <![CDATA[STEP78]]>
            </line>
            <line>
              <![CDATA[STEP79]]>
            </line>
            <line>
              <![CDATA[STEP80]]>
            </line>
            <line>
              <![CDATA[STEP81]]>
            </line>
            <line>
              <![CDATA[STEP82]]>
            </line>
            <line>
              <![CDATA[STEP83]]>
            </line>
            <line>
              <![CDATA[STEP84]]>
            </line>
            <line>
              <![CDATA[STEP85]]>
            </line>
            <line>
              <![CDATA[STEP86]]>
            </line>
            <line>
              <![CDATA[STEP87]]>
            </line>
            <line>
              <![CDATA[STEP88]]>
            </line>
            <line>
              <![CDATA[STEP89]]>
            </line>
            <line>
              <![CDATA[STEP90]]>
            </line>
            <line>
              <![CDATA[STEP91]]>
            </line>
            <line>
              <![CDATA[STEP92]]>
            </line>
            <line>
              <![CDATA[STEP93]]>
            </line>
            <line>
              <![CDATA[STEP94]]>
            </line>
            <line>
              <![CDATA[STEP95]]>
            </line>
            <line>
              <![CDATA[STEP96]]>
            </line>
            <line>
              <![CDATA[STEP97]]>
            </line>
            <line>
              <![CDATA[STEP98]]>
            </line>
            <line>
              <![CDATA[STEP99]]>
            </line>
            <line>
              <![CDATA[STEP100]]>
            </line>
            <line>
              <![CDATA[STEP101]]>
            </line>
            <line>
              <![CDATA[STEP102]]>
            </line>
            <line>
              <![CDATA[STEP103]]>
            </line>
            <line>
              <![CDATA[STEP104]]>
            </line>
            <line>
              <![CDATA[STEP105]]>
            </line>
            <line>
              <![CDATA[STEP106]]>
            </line>
            <line>
              <![CDATA[STEP107]]>
            </line>
            <line>
              <![CDATA[STEP108]]>
            </line>
            <line>
              <![CDATA[STEP109]]>
            </line>
            <line>
              <![CDATA[STEP110]]>
            </line>
            <line>
              <![CDATA[STEP111]]>
            </line>
            <line>
              <![CDATA[STEP112]]>
            </line>
            <line>
              <![CDATA[STEP113]]>
            </line>
            <line>
              <![CDATA[STEP114]]>
            </line>
            <line>
              <![CDATA[STEP115]]>
            </line>
            <line>
              <![CDATA[STEP116]]>
            </line>
            <line>
              <![CDATA[STEP117]]>
            </line>
            <line>
              <![CDATA[STEP118]]>
            </line>
            <line>
              <![CDATA[STEP119]]>
            </line>
            <line>
              <![CDATA[STEP120]]>
            </line>
            <line>
              <![CDATA[STEP121]]>
            </line>
            <line>
              <![CDATA[STEP122]]>
            </line>
            <line>
              <![CDATA[STEP123]]>
            </line>
            <line>
              <![CDATA[STEP124]]>
            </line>
            <line>
              <![CDATA[STEP125]]>
            </line>
            <line>
              <![CDATA[STEP126]]>
            </line>
            <line>
              <![CDATA[STEP127]]>
            </line>
            <line>
              <![CDATA[STEP128]]>
            </line>
            <line>
              <![CDATA[STEP129]]>
            </line>
            <line>
              <![CDATA[STEP130]]>
            </line>
            <line>
              <![CDATA[STEP131]]>
            </line>
            <line>
              <![CDATA[STEP132]]>
            </line>
            <line>
              <![CDATA[STEP133]]>
            </line>
            <line>
              <![CDATA[STEP134]]>
            </line>
            <line>
              <![CDATA[STEP135]]>
            </line>
            <line>
              <![CDATA[STEP136]]>
            </line>
            <line>
              <![CDATA[STEP137]]>
            </line>
            <line>
              <![CDATA[STEP138]]>
            </line>
            <line>
              <![CDATA[STEP139]]>
            </line>
            <line>
              <![CDATA[STEP140]]>
            </line>
            <line>
              <![CDATA[STEP141]]>
            </line>
            <line>
              <![CDATA[STEP142]]>
            </line>
            <line>
              <![CDATA[STEP143]]>
            </line>
            <line>
              <![CDATA[STEP144]]>
            </line>
            <line>
              <![CDATA[STEP145]]>
            </line>
            <line>
              <![CDATA[STEP146]]>
            </line>
            <line>
              <![CDATA[STEP147]]>
            </line>
            <line>
              <![CDATA[STEP148]]>
            </line>
            <line>
              <![CDATA[STEP149]]>
            </line>
            <line>
              <![CDATA[STEP150]]>
            </line>
            <line>
              <![CDATA[STEP151]]>
            </line>
            <line>
              <![CDATA[STEP152]]>
            </line>
            <line>
              <![CDATA[STEP153]]>
            </line>
            <line>
              <![CDATA[STEP154]]>
            </line>
            <line>
              <![CDATA[STEP155]]>
            </line>
            <line>
              <![CDATA[STEP156]]>
            </line>
          </reporter-output>
        </test-method> <!-- ContactValidation -->
        <test-method signature="TriggerFunction()[pri:0, instance:commonMethods.Testcases@398474a2]" started-at="2024-02-01T13:46:31 IST" name="TriggerFunction" finished-at="2024-02-01T13:49:38 IST" duration-ms="187436" status="PASS">
          <reporter-output>
            <line>
              <![CDATA[STEP157]]>
            </line>
            <line>
              <![CDATA[STEP158]]>
            </line>
            <line>
              <![CDATA[STEP159]]>
            </line>
            <line>
              <![CDATA[STEP160]]>
            </line>
            <line>
              <![CDATA[STEP161]]>
            </line>
            <line>
              <![CDATA[STEP162]]>
            </line>
            <line>
              <![CDATA[STEP163]]>
            </line>
            <line>
              <![CDATA[STEP164]]>
            </line>
            <line>
              <![CDATA[STEP165]]>
            </line>
            <line>
              <![CDATA[STEP166]]>
            </line>
            <line>
              <![CDATA[STEP167]]>
            </line>
            <line>
              <![CDATA[STEP168]]>
            </line>
            <line>
              <![CDATA[STEP169]]>
            </line>
            <line>
              <![CDATA[STEP170]]>
            </line>
            <line>
              <![CDATA[STEP171]]>
            </line>
            <line>
              <![CDATA[STEP172]]>
            </line>
            <line>
              <![CDATA[STEP173]]>
            </line>
            <line>
              <![CDATA[STEP174]]>
            </line>
            <line>
              <![CDATA[STEP175]]>
            </line>
            <line>
              <![CDATA[STEP176]]>
            </line>
            <line>
              <![CDATA[STEP177]]>
            </line>
            <line>
              <![CDATA[STEP178]]>
            </line>
            <line>
              <![CDATA[STEP179]]>
            </line>
            <line>
              <![CDATA[STEP180]]>
            </line>
            <line>
              <![CDATA[STEP181]]>
            </line>
            <line>
              <![CDATA[STEP182]]>
            </line>
            <line>
              <![CDATA[STEP183]]>
            </line>
            <line>
              <![CDATA[STEP184]]>
            </line>
            <line>
              <![CDATA[STEP185]]>
            </line>
            <line>
              <![CDATA[STEP186]]>
            </line>
            <line>
              <![CDATA[STEP187]]>
            </line>
            <line>
              <![CDATA[STEP188]]>
            </line>
            <line>
              <![CDATA[STEP189]]>
            </line>
            <line>
              <![CDATA[STEP190]]>
            </line>
            <line>
              <![CDATA[STEP191]]>
            </line>
            <line>
              <![CDATA[STEP192]]>
            </line>
            <line>
              <![CDATA[STEP193]]>
            </line>
            <line>
              <![CDATA[STEP194]]>
            </line>
            <line>
              <![CDATA[STEP195]]>
            </line>
            <line>
              <![CDATA[STEP196]]>
            </line>
            <line>
              <![CDATA[STEP197]]>
            </line>
            <line>
              <![CDATA[STEP198]]>
            </line>
            <line>
              <![CDATA[STEP199]]>
            </line>
            <line>
              <![CDATA[STEP200]]>
            </line>
            <line>
              <![CDATA[STEP201]]>
            </line>
            <line>
              <![CDATA[STEP202]]>
            </line>
            <line>
              <![CDATA[STEP203]]>
            </line>
            <line>
              <![CDATA[STEP204]]>
            </line>
            <line>
              <![CDATA[STEP205]]>
            </line>
            <line>
              <![CDATA[STEP206]]>
            </line>
            <line>
              <![CDATA[STEP207]]>
            </line>
            <line>
              <![CDATA[STEP208]]>
            </line>
            <line>
              <![CDATA[STEP209]]>
            </line>
            <line>
              <![CDATA[STEP210]]>
            </line>
            <line>
              <![CDATA[STEP211]]>
            </line>
            <line>
              <![CDATA[STEP212]]>
            </line>
            <line>
              <![CDATA[STEP213]]>
            </line>
            <line>
              <![CDATA[STEP214]]>
            </line>
            <line>
              <![CDATA[STEP215]]>
            </line>
            <line>
              <![CDATA[STEP216]]>
            </line>
            <line>
              <![CDATA[STEP217]]>
            </line>
            <line>
              <![CDATA[STEP218]]>
            </line>
            <line>
              <![CDATA[STEP219]]>
            </line>
            <line>
              <![CDATA[STEP220]]>
            </line>
            <line>
              <![CDATA[STEP221]]>
            </line>
            <line>
              <![CDATA[STEP222]]>
            </line>
            <line>
              <![CDATA[STEP223]]>
            </line>
            <line>
              <![CDATA[STEP224]]>
            </line>
            <line>
              <![CDATA[STEP225]]>
            </line>
            <line>
              <![CDATA[STEP226]]>
            </line>
            <line>
              <![CDATA[STEP227]]>
            </line>
            <line>
              <![CDATA[STEP228]]>
            </line>
            <line>
              <![CDATA[STEP229]]>
            </line>
            <line>
              <![CDATA[STEP230]]>
            </line>
            <line>
              <![CDATA[STEP231]]>
            </line>
            <line>
              <![CDATA[STEP232]]>
            </line>
            <line>
              <![CDATA[STEP233]]>
            </line>
            <line>
              <![CDATA[STEP234]]>
            </line>
            <line>
              <![CDATA[STEP235]]>
            </line>
            <line>
              <![CDATA[STEP236]]>
            </line>
            <line>
              <![CDATA[STEP237]]>
            </line>
            <line>
              <![CDATA[STEP238]]>
            </line>
            <line>
              <![CDATA[STEP239]]>
            </line>
            <line>
              <![CDATA[STEP240]]>
            </line>
            <line>
              <![CDATA[STEP241]]>
            </line>
            <line>
              <![CDATA[STEP242]]>
            </line>
            <line>
              <![CDATA[STEP243]]>
            </line>
            <line>
              <![CDATA[STEP244]]>
            </line>
            <line>
              <![CDATA[STEP245]]>
            </line>
            <line>
              <![CDATA[STEP246]]>
            </line>
            <line>
              <![CDATA[STEP247]]>
            </line>
            <line>
              <![CDATA[STEP248]]>
            </line>
            <line>
              <![CDATA[STEP249]]>
            </line>
            <line>
              <![CDATA[STEP250]]>
            </line>
            <line>
              <![CDATA[STEP251]]>
            </line>
            <line>
              <![CDATA[STEP252]]>
            </line>
            <line>
              <![CDATA[STEP253]]>
            </line>
            <line>
              <![CDATA[STEP254]]>
            </line>
            <line>
              <![CDATA[STEP255]]>
            </line>
            <line>
              <![CDATA[STEP256]]>
            </line>
            <line>
              <![CDATA[STEP257]]>
            </line>
            <line>
              <![CDATA[STEP258]]>
            </line>
            <line>
              <![CDATA[STEP259]]>
            </line>
            <line>
              <![CDATA[STEP260]]>
            </line>
            <line>
              <![CDATA[STEP261]]>
            </line>
            <line>
              <![CDATA[STEP262]]>
            </line>
            <line>
              <![CDATA[STEP263]]>
            </line>
            <line>
              <![CDATA[STEP264]]>
            </line>
            <line>
              <![CDATA[STEP265]]>
            </line>
            <line>
              <![CDATA[STEP266]]>
            </line>
            <line>
              <![CDATA[STEP267]]>
            </line>
            <line>
              <![CDATA[STEP268]]>
            </line>
            <line>
              <![CDATA[STEP269]]>
            </line>
            <line>
              <![CDATA[STEP270]]>
            </line>
            <line>
              <![CDATA[STEP271]]>
            </line>
            <line>
              <![CDATA[STEP272]]>
            </line>
            <line>
              <![CDATA[STEP273]]>
            </line>
            <line>
              <![CDATA[STEP274]]>
            </line>
            <line>
              <![CDATA[STEP275]]>
            </line>
            <line>
              <![CDATA[STEP276]]>
            </line>
            <line>
              <![CDATA[STEP277]]>
            </line>
            <line>
              <![CDATA[STEP278]]>
            </line>
            <line>
              <![CDATA[STEP279]]>
            </line>
            <line>
              <![CDATA[STEP280]]>
            </line>
            <line>
              <![CDATA[STEP281]]>
            </line>
            <line>
              <![CDATA[STEP282]]>
            </line>
            <line>
              <![CDATA[STEP283]]>
            </line>
            <line>
              <![CDATA[STEP284]]>
            </line>
            <line>
              <![CDATA[STEP285]]>
            </line>
            <line>
              <![CDATA[STEP286]]>
            </line>
            <line>
              <![CDATA[STEP287]]>
            </line>
            <line>
              <![CDATA[STEP288]]>
            </line>
            <line>
              <![CDATA[STEP289]]>
            </line>
          </reporter-output>
        </test-method> <!-- TriggerFunction -->
      </class> <!-- commonMethods.Testcases -->
    </test> <!-- Test -->
  </suite> <!-- Suite -->
</testng-results>
